2025-11-03 14:39:37,423 DEBUG    root            Loaded Command Group: ['gcloud', 'components']
2025-11-03 14:39:37,458 DEBUG    root            Loaded Command Group: ['gcloud', 'components', 'update']
2025-11-03 14:39:37,460 DEBUG    root            Running [gcloud.components.update] with arguments: [--quiet: "True", COMPONENT-IDS:8: "['gcloud', 'core', 'bq', 'gsutil', 'compute', 'preview', 'alpha', 'beta']"]
2025-11-03 14:39:37,462 INFO     ___FILE_ONLY___ Beginning update. This process may take several minutes.

2025-11-03 14:39:37,470 DEBUG    urllib3.connectionpool Starting new HTTPS connection (1): dl.google.com:443
2025-11-03 14:39:37,699 DEBUG    urllib3.connectionpool https://dl.google.com:443 "GET /dl/cloudsdk/channels/rapid/components-2.json HTTP/1.1" 200 233157
2025-11-03 14:39:37,714 WARNING  root            Component [compute] no longer exists.
2025-11-03 14:39:37,714 INFO     ___FILE_ONLY___ 

2025-11-03 14:39:37,715 INFO     ___FILE_ONLY___ 
Your current Google Cloud CLI version is: 545.0.0

2025-11-03 14:39:37,715 INFO     ___FILE_ONLY___ Installing components from version: 545.0.0

2025-11-03 14:39:37,715 INFO     ___FILE_ONLY___ 

2025-11-03 14:39:37,715 DEBUG    root            Chosen display Format:table[box,title="These components will be removed."](details.display_name:label=Name:align=left,version.version_string:label=Version:align=right,data.size.size(zero="",min=1048576):label=Size:align=right)
2025-11-03 14:39:37,716 DEBUG    root            Chosen display Format:table[box,title="These components will be updated."](details.display_name:label=Name:align=left,version.version_string:label=Version:align=right,data.size.size(zero="",min=1048576):label=Size:align=right)
2025-11-03 14:39:37,716 DEBUG    root            Chosen display Format:table[box,title="These components will be installed."](details.display_name:label=Name:align=left,version.version_string:label=Version:align=right,data.size.size(zero="",min=1048576):label=Size:align=right)
2025-11-03 14:39:37,733 INFO     ___FILE_ONLY___ ┌────────────────────────────────────────────────┐
2025-11-03 14:39:37,733 INFO     ___FILE_ONLY___ 

2025-11-03 14:39:37,733 INFO     ___FILE_ONLY___ │      These components will be installed.       │
2025-11-03 14:39:37,734 INFO     ___FILE_ONLY___ 

2025-11-03 14:39:37,734 INFO     ___FILE_ONLY___ ├─────────────────────────┬────────────┬─────────┤
2025-11-03 14:39:37,734 INFO     ___FILE_ONLY___ 

2025-11-03 14:39:37,734 INFO     ___FILE_ONLY___ │           Name          │  Version   │   Size  │
2025-11-03 14:39:37,734 INFO     ___FILE_ONLY___ 

2025-11-03 14:39:37,734 INFO     ___FILE_ONLY___ ├─────────────────────────┼────────────┼─────────┤
2025-11-03 14:39:37,734 INFO     ___FILE_ONLY___ 

2025-11-03 14:39:37,734 INFO     ___FILE_ONLY___ │ 
2025-11-03 14:39:37,734 INFO     ___FILE_ONLY___ gcloud Alpha Commands  
2025-11-03 14:39:37,734 INFO     ___FILE_ONLY___  
2025-11-03 14:39:37,734 INFO     ___FILE_ONLY___ │ 
2025-11-03 14:39:37,734 INFO     ___FILE_ONLY___ 2025.10.24
2025-11-03 14:39:37,734 INFO     ___FILE_ONLY___  
2025-11-03 14:39:37,734 INFO     ___FILE_ONLY___ │ 
2025-11-03 14:39:37,734 INFO     ___FILE_ONLY___ < 1 MiB
2025-11-03 14:39:37,734 INFO     ___FILE_ONLY___  
2025-11-03 14:39:37,734 INFO     ___FILE_ONLY___ │
2025-11-03 14:39:37,735 INFO     ___FILE_ONLY___ 

2025-11-03 14:39:37,735 INFO     ___FILE_ONLY___ │ 
2025-11-03 14:39:37,735 INFO     ___FILE_ONLY___ gcloud Beta Commands   
2025-11-03 14:39:37,735 INFO     ___FILE_ONLY___  
2025-11-03 14:39:37,735 INFO     ___FILE_ONLY___ │ 
2025-11-03 14:39:37,735 INFO     ___FILE_ONLY___ 2025.10.24
2025-11-03 14:39:37,735 INFO     ___FILE_ONLY___  
2025-11-03 14:39:37,735 INFO     ___FILE_ONLY___ │ 
2025-11-03 14:39:37,735 INFO     ___FILE_ONLY___ < 1 MiB
2025-11-03 14:39:37,735 INFO     ___FILE_ONLY___  
2025-11-03 14:39:37,735 INFO     ___FILE_ONLY___ │
2025-11-03 14:39:37,735 INFO     ___FILE_ONLY___ 

2025-11-03 14:39:37,735 INFO     ___FILE_ONLY___ │ 
2025-11-03 14:39:37,735 INFO     ___FILE_ONLY___ gcloud Preview Commands
2025-11-03 14:39:37,735 INFO     ___FILE_ONLY___  
2025-11-03 14:39:37,735 INFO     ___FILE_ONLY___ │ 
2025-11-03 14:39:37,735 INFO     ___FILE_ONLY___           
2025-11-03 14:39:37,735 INFO     ___FILE_ONLY___  
2025-11-03 14:39:37,735 INFO     ___FILE_ONLY___ │ 
2025-11-03 14:39:37,736 INFO     ___FILE_ONLY___ < 1 MiB
2025-11-03 14:39:37,736 INFO     ___FILE_ONLY___  
2025-11-03 14:39:37,736 INFO     ___FILE_ONLY___ │
2025-11-03 14:39:37,736 INFO     ___FILE_ONLY___ 

2025-11-03 14:39:37,736 INFO     ___FILE_ONLY___ └─────────────────────────┴────────────┴─────────┘
2025-11-03 14:39:37,736 INFO     ___FILE_ONLY___ 

2025-11-03 14:39:37,736 INFO     ___FILE_ONLY___ 

2025-11-03 14:39:37,739 DEBUG    urllib3.connectionpool Starting new HTTPS connection (1): dl.google.com:443
2025-11-03 14:39:37,946 DEBUG    urllib3.connectionpool https://dl.google.com:443 "GET /dl/cloudsdk/channels/rapid/RELEASE_NOTES HTTP/1.1" 200 1509806
2025-11-03 14:39:38,475 INFO     ___FILE_ONLY___ For the latest full release notes, please visit:
  https://cloud.google.com/sdk/release_notes


2025-11-03 14:39:38,476 INFO     ___FILE_ONLY___ Performing in place update...


2025-11-03 14:39:38,478 INFO     ___FILE_ONLY___ ╔════════════════════════════════════════════════════════════╗

2025-11-03 14:39:38,478 INFO     ___FILE_ONLY___ ╠═ Downloading: gcloud Alpha Commands                       ═╣

2025-11-03 14:39:38,478 INFO     ___FILE_ONLY___ ╚
2025-11-03 14:39:38,481 DEBUG    urllib3.connectionpool Starting new HTTPS connection (1): dl.google.com:443
2025-11-03 14:39:38,726 DEBUG    urllib3.connectionpool https://dl.google.com:443 "GET /dl/cloudsdk/channels/rapid/components/google-cloud-sdk-alpha-20251024121634.tar.gz HTTP/1.1" 200 800
2025-11-03 14:39:38,727 INFO     ___FILE_ONLY___ ════════════════════════════════════════════════════════════
2025-11-03 14:39:38,727 INFO     ___FILE_ONLY___ ╝

2025-11-03 14:39:38,729 INFO     ___FILE_ONLY___ ╔════════════════════════════════════════════════════════════╗

2025-11-03 14:39:38,729 INFO     ___FILE_ONLY___ ╠═ Downloading: gcloud Beta Commands                        ═╣

2025-11-03 14:39:38,729 INFO     ___FILE_ONLY___ ╚
2025-11-03 14:39:38,732 DEBUG    urllib3.connectionpool Starting new HTTPS connection (1): dl.google.com:443
2025-11-03 14:39:38,938 DEBUG    urllib3.connectionpool https://dl.google.com:443 "GET /dl/cloudsdk/channels/rapid/components/google-cloud-sdk-beta-20251024121634.tar.gz HTTP/1.1" 200 797
2025-11-03 14:39:38,939 INFO     ___FILE_ONLY___ ════════════════════════════════════════════════════════════
2025-11-03 14:39:38,939 INFO     ___FILE_ONLY___ ╝

2025-11-03 14:39:38,941 INFO     ___FILE_ONLY___ ╔════════════════════════════════════════════════════════════╗

2025-11-03 14:39:38,941 INFO     ___FILE_ONLY___ ╠═ Downloading: gcloud Preview Commands                     ═╣

2025-11-03 14:39:38,941 INFO     ___FILE_ONLY___ ╚
2025-11-03 14:39:38,944 DEBUG    urllib3.connectionpool Starting new HTTPS connection (1): dl.google.com:443
2025-11-03 14:39:39,187 DEBUG    urllib3.connectionpool https://dl.google.com:443 "GET /dl/cloudsdk/channels/rapid/components/google-cloud-sdk-preview-20241115154308.tar.gz HTTP/1.1" 200 823
2025-11-03 14:39:39,188 INFO     ___FILE_ONLY___ ════════════════════════════════════════════════════════════
2025-11-03 14:39:39,188 INFO     ___FILE_ONLY___ ╝

2025-11-03 14:39:39,190 INFO     ___FILE_ONLY___ ╔════════════════════════════════════════════════════════════╗

2025-11-03 14:39:39,191 INFO     ___FILE_ONLY___ ╠═ Installing: gcloud Alpha Commands                        ═╣

2025-11-03 14:39:39,191 INFO     ___FILE_ONLY___ ╚
2025-11-03 14:39:39,192 INFO     ___FILE_ONLY___ ════════════════════════════════════════════════════════════
2025-11-03 14:39:39,192 INFO     ___FILE_ONLY___ ╝

2025-11-03 14:39:39,197 INFO     ___FILE_ONLY___ ╔════════════════════════════════════════════════════════════╗

2025-11-03 14:39:39,197 INFO     ___FILE_ONLY___ ╠═ Installing: gcloud Beta Commands                         ═╣

2025-11-03 14:39:39,197 INFO     ___FILE_ONLY___ ╚
2025-11-03 14:39:39,198 INFO     ___FILE_ONLY___ ════════════════════════════════════════════════════════════
2025-11-03 14:39:39,198 INFO     ___FILE_ONLY___ ╝

2025-11-03 14:39:39,204 INFO     ___FILE_ONLY___ ╔════════════════════════════════════════════════════════════╗

2025-11-03 14:39:39,204 INFO     ___FILE_ONLY___ ╠═ Installing: gcloud Preview Commands                      ═╣

2025-11-03 14:39:39,204 INFO     ___FILE_ONLY___ ╚
2025-11-03 14:39:39,205 INFO     ___FILE_ONLY___ ════════════════════════════════════════════════════════════
2025-11-03 14:39:39,205 INFO     ___FILE_ONLY___ ╝

2025-11-03 14:39:39,210 DEBUG    root            Updating notification cache...
2025-11-03 14:39:39,211 INFO     ___FILE_ONLY___ 

2025-11-03 14:39:39,213 INFO     ___FILE_ONLY___ Performing post processing steps...
2025-11-03 14:39:39,213 DEBUG    root            Executing command: ['/tools/google-cloud-sdk/bin/gcloud', 'components', 'post-process']
2025-11-03 14:39:49,015 DEBUG    ___FILE_ONLY___ 
2025-11-03 14:39:49,015 DEBUG    ___FILE_ONLY___ 
2025-11-03 14:39:49,231 INFO     root            descriptor_list: [{'universeDomain': 'googleapis.com', 'universeShortName': '', 'authenticationDomain': 'auth.cloud.google.com', 'projectPrefix': '', 'cloudWebDomain': 'cloud.google.com', 'documentationDomain': 'cloud.google.com', 'version': '1.0.0', 'state': 'primary', 'artifactRegistryDomain': 'pkg.dev'}]
2025-11-03 14:39:49,232 INFO     ___FILE_ONLY___ 
Update done!


2025-11-03 14:39:49,234 DEBUG    root            Chosen display Format:none
2025-11-03 14:39:49,234 INFO     root            Display format: "none"
