2025-11-03 14:39:17,055 DEBUG    root            Loaded Command Group: ['gcloud', 'components']
2025-11-03 14:39:17,060 DEBUG    root            Loaded Command Group: ['gcloud', 'components', 'update']
2025-11-03 14:39:17,062 DEBUG    root            Running [gcloud.components.update] with arguments: [--compile-python: "True", --quiet: "True", COMPONENT-IDS:6: "['core', 'gcloud-deps', 'bq', 'gcloud', 'gcloud-crc32c', 'gsutil']"]
2025-11-03 14:39:17,063 INFO     ___FILE_ONLY___ Beginning update. This process may take several minutes.

2025-11-03 14:39:17,104 DEBUG    urllib3.connectionpool Starting new HTTPS connection (1): dl.google.com:443
2025-11-03 14:39:17,151 DEBUG    urllib3.connectionpool https://dl.google.com:443 "GET /dl/cloudsdk/channels/rapid/components-2.json HTTP/1.1" 200 233157
2025-11-03 14:39:17,162 INFO     ___FILE_ONLY___ 

2025-11-03 14:39:17,162 INFO     ___FILE_ONLY___ 
Your current Google Cloud CLI version is: 545.0.0

2025-11-03 14:39:17,162 INFO     ___FILE_ONLY___ Installing components from version: 545.0.0

2025-11-03 14:39:17,162 INFO     ___FILE_ONLY___ 

2025-11-03 14:39:17,163 DEBUG    root            Chosen display Format:table[box,title="These components will be removed."](details.display_name:label=Name:align=left,version.version_string:label=Version:align=right,data.size.size(zero="",min=1048576):label=Size:align=right)
2025-11-03 14:39:17,163 DEBUG    root            Chosen display Format:table[box,title="These components will be updated."](details.display_name:label=Name:align=left,version.version_string:label=Version:align=right,data.size.size(zero="",min=1048576):label=Size:align=right)
2025-11-03 14:39:17,164 DEBUG    root            Chosen display Format:table[box,title="These components will be installed."](details.display_name:label=Name:align=left,version.version_string:label=Version:align=right,data.size.size(zero="",min=1048576):label=Size:align=right)
2025-11-03 14:39:17,209 INFO     ___FILE_ONLY___ ┌─────────────────────────────────────────────────────────────────────────────┐
2025-11-03 14:39:17,209 INFO     ___FILE_ONLY___ 

2025-11-03 14:39:17,209 INFO     ___FILE_ONLY___ │                     These components will be installed.                     │
2025-11-03 14:39:17,209 INFO     ___FILE_ONLY___ 

2025-11-03 14:39:17,209 INFO     ___FILE_ONLY___ ├─────────────────────────────────────────────────────┬────────────┬──────────┤
2025-11-03 14:39:17,210 INFO     ___FILE_ONLY___ 

2025-11-03 14:39:17,210 INFO     ___FILE_ONLY___ │                         Name                        │  Version   │   Size   │
2025-11-03 14:39:17,210 INFO     ___FILE_ONLY___ 

2025-11-03 14:39:17,210 INFO     ___FILE_ONLY___ ├─────────────────────────────────────────────────────┼────────────┼──────────┤
2025-11-03 14:39:17,210 INFO     ___FILE_ONLY___ 

2025-11-03 14:39:17,210 INFO     ___FILE_ONLY___ │ 
2025-11-03 14:39:17,210 INFO     ___FILE_ONLY___ BigQuery Command Line Tool                         
2025-11-03 14:39:17,210 INFO     ___FILE_ONLY___  
2025-11-03 14:39:17,210 INFO     ___FILE_ONLY___ │ 
2025-11-03 14:39:17,210 INFO     ___FILE_ONLY___     2.1.25
2025-11-03 14:39:17,210 INFO     ___FILE_ONLY___  
2025-11-03 14:39:17,210 INFO     ___FILE_ONLY___ │ 
2025-11-03 14:39:17,210 INFO     ___FILE_ONLY___  1.8 MiB
2025-11-03 14:39:17,210 INFO     ___FILE_ONLY___  
2025-11-03 14:39:17,210 INFO     ___FILE_ONLY___ │
2025-11-03 14:39:17,210 INFO     ___FILE_ONLY___ 

2025-11-03 14:39:17,210 INFO     ___FILE_ONLY___ │ 
2025-11-03 14:39:17,210 INFO     ___FILE_ONLY___ BigQuery Command Line Tool (Platform Specific)     
2025-11-03 14:39:17,211 INFO     ___FILE_ONLY___  
2025-11-03 14:39:17,211 INFO     ___FILE_ONLY___ │ 
2025-11-03 14:39:17,211 INFO     ___FILE_ONLY___     2.1.17
2025-11-03 14:39:17,211 INFO     ___FILE_ONLY___  
2025-11-03 14:39:17,211 INFO     ___FILE_ONLY___ │ 
2025-11-03 14:39:17,211 INFO     ___FILE_ONLY___  < 1 MiB
2025-11-03 14:39:17,211 INFO     ___FILE_ONLY___  
2025-11-03 14:39:17,211 INFO     ___FILE_ONLY___ │
2025-11-03 14:39:17,211 INFO     ___FILE_ONLY___ 

2025-11-03 14:39:17,211 INFO     ___FILE_ONLY___ │ 
2025-11-03 14:39:17,211 INFO     ___FILE_ONLY___ Bundled Python 3.12 (Platform Specific)            
2025-11-03 14:39:17,211 INFO     ___FILE_ONLY___  
2025-11-03 14:39:17,211 INFO     ___FILE_ONLY___ │ 
2025-11-03 14:39:17,211 INFO     ___FILE_ONLY___     3.12.9
2025-11-03 14:39:17,211 INFO     ___FILE_ONLY___  
2025-11-03 14:39:17,211 INFO     ___FILE_ONLY___ │ 
2025-11-03 14:39:17,211 INFO     ___FILE_ONLY___ 89.3 MiB
2025-11-03 14:39:17,211 INFO     ___FILE_ONLY___  
2025-11-03 14:39:17,212 INFO     ___FILE_ONLY___ │
2025-11-03 14:39:17,212 INFO     ___FILE_ONLY___ 

2025-11-03 14:39:17,212 INFO     ___FILE_ONLY___ │ 
2025-11-03 14:39:17,212 INFO     ___FILE_ONLY___ Cloud Storage Command Line Tool                    
2025-11-03 14:39:17,212 INFO     ___FILE_ONLY___  
2025-11-03 14:39:17,212 INFO     ___FILE_ONLY___ │ 
2025-11-03 14:39:17,212 INFO     ___FILE_ONLY___       5.35
2025-11-03 14:39:17,212 INFO     ___FILE_ONLY___  
2025-11-03 14:39:17,212 INFO     ___FILE_ONLY___ │ 
2025-11-03 14:39:17,212 INFO     ___FILE_ONLY___ 12.4 MiB
2025-11-03 14:39:17,212 INFO     ___FILE_ONLY___  
2025-11-03 14:39:17,212 INFO     ___FILE_ONLY___ │
2025-11-03 14:39:17,212 INFO     ___FILE_ONLY___ 

2025-11-03 14:39:17,212 INFO     ___FILE_ONLY___ │ 
2025-11-03 14:39:17,212 INFO     ___FILE_ONLY___ Cloud Storage Command Line Tool (Platform Specific)
2025-11-03 14:39:17,212 INFO     ___FILE_ONLY___  
2025-11-03 14:39:17,213 INFO     ___FILE_ONLY___ │ 
2025-11-03 14:39:17,213 INFO     ___FILE_ONLY___       5.34
2025-11-03 14:39:17,213 INFO     ___FILE_ONLY___  
2025-11-03 14:39:17,213 INFO     ___FILE_ONLY___ │ 
2025-11-03 14:39:17,213 INFO     ___FILE_ONLY___  < 1 MiB
2025-11-03 14:39:17,213 INFO     ___FILE_ONLY___  
2025-11-03 14:39:17,213 INFO     ___FILE_ONLY___ │
2025-11-03 14:39:17,213 INFO     ___FILE_ONLY___ 

2025-11-03 14:39:17,213 INFO     ___FILE_ONLY___ │ 
2025-11-03 14:39:17,213 INFO     ___FILE_ONLY___ Google Cloud CLI Core Libraries (Platform Specific)
2025-11-03 14:39:17,213 INFO     ___FILE_ONLY___  
2025-11-03 14:39:17,213 INFO     ___FILE_ONLY___ │ 
2025-11-03 14:39:17,213 INFO     ___FILE_ONLY___ 2025.05.23
2025-11-03 14:39:17,213 INFO     ___FILE_ONLY___  
2025-11-03 14:39:17,213 INFO     ___FILE_ONLY___ │ 
2025-11-03 14:39:17,213 INFO     ___FILE_ONLY___  < 1 MiB
2025-11-03 14:39:17,213 INFO     ___FILE_ONLY___  
2025-11-03 14:39:17,214 INFO     ___FILE_ONLY___ │
2025-11-03 14:39:17,214 INFO     ___FILE_ONLY___ 

2025-11-03 14:39:17,214 INFO     ___FILE_ONLY___ │ 
2025-11-03 14:39:17,214 INFO     ___FILE_ONLY___ Google Cloud CRC32C Hash Tool (Platform Specific)  
2025-11-03 14:39:17,214 INFO     ___FILE_ONLY___  
2025-11-03 14:39:17,214 INFO     ___FILE_ONLY___ │ 
2025-11-03 14:39:17,214 INFO     ___FILE_ONLY___      1.0.0
2025-11-03 14:39:17,214 INFO     ___FILE_ONLY___  
2025-11-03 14:39:17,214 INFO     ___FILE_ONLY___ │ 
2025-11-03 14:39:17,214 INFO     ___FILE_ONLY___  1.5 MiB
2025-11-03 14:39:17,214 INFO     ___FILE_ONLY___  
2025-11-03 14:39:17,214 INFO     ___FILE_ONLY___ │
2025-11-03 14:39:17,214 INFO     ___FILE_ONLY___ 

2025-11-03 14:39:17,214 INFO     ___FILE_ONLY___ │ 
2025-11-03 14:39:17,214 INFO     ___FILE_ONLY___ gcloud cli dependencies (Platform Specific)        
2025-11-03 14:39:17,214 INFO     ___FILE_ONLY___  
2025-11-03 14:39:17,214 INFO     ___FILE_ONLY___ │ 
2025-11-03 14:39:17,214 INFO     ___FILE_ONLY___ 2021.04.16
2025-11-03 14:39:17,214 INFO     ___FILE_ONLY___  
2025-11-03 14:39:17,214 INFO     ___FILE_ONLY___ │ 
2025-11-03 14:39:17,215 INFO     ___FILE_ONLY___  < 1 MiB
2025-11-03 14:39:17,215 INFO     ___FILE_ONLY___  
2025-11-03 14:39:17,215 INFO     ___FILE_ONLY___ │
2025-11-03 14:39:17,215 INFO     ___FILE_ONLY___ 

2025-11-03 14:39:17,215 INFO     ___FILE_ONLY___ └─────────────────────────────────────────────────────┴────────────┴──────────┘
2025-11-03 14:39:17,215 INFO     ___FILE_ONLY___ 

2025-11-03 14:39:17,215 INFO     ___FILE_ONLY___ 

2025-11-03 14:39:17,218 DEBUG    urllib3.connectionpool Starting new HTTPS connection (1): dl.google.com:443
2025-11-03 14:39:17,270 DEBUG    urllib3.connectionpool https://dl.google.com:443 "GET /dl/cloudsdk/channels/rapid/RELEASE_NOTES HTTP/1.1" 200 1509806
2025-11-03 14:39:17,791 INFO     ___FILE_ONLY___ For the latest full release notes, please visit:
  https://cloud.google.com/sdk/release_notes


2025-11-03 14:39:17,792 INFO     ___FILE_ONLY___ Performing in place update...


2025-11-03 14:39:17,794 INFO     ___FILE_ONLY___ ╔════════════════════════════════════════════════════════════╗

2025-11-03 14:39:17,794 INFO     ___FILE_ONLY___ ╠═ Downloading: BigQuery Command Line Tool                  ═╣

2025-11-03 14:39:17,794 INFO     ___FILE_ONLY___ ╚
2025-11-03 14:39:17,797 DEBUG    urllib3.connectionpool Starting new HTTPS connection (1): dl.google.com:443
2025-11-03 14:39:18,035 DEBUG    urllib3.connectionpool https://dl.google.com:443 "GET /dl/cloudsdk/channels/rapid/components/google-cloud-sdk-bq-20251024121634.tar.gz HTTP/1.1" 200 1911793
2025-11-03 14:39:18,049 INFO     ___FILE_ONLY___ ═
2025-11-03 14:39:18,049 INFO     ___FILE_ONLY___ ═
2025-11-03 14:39:18,049 INFO     ___FILE_ONLY___ ═
2025-11-03 14:39:18,049 INFO     ___FILE_ONLY___ ═
2025-11-03 14:39:18,049 INFO     ___FILE_ONLY___ ═
2025-11-03 14:39:18,049 INFO     ___FILE_ONLY___ ═
2025-11-03 14:39:18,050 INFO     ___FILE_ONLY___ ═
2025-11-03 14:39:18,050 INFO     ___FILE_ONLY___ ═
2025-11-03 14:39:18,050 INFO     ___FILE_ONLY___ ═
2025-11-03 14:39:18,050 INFO     ___FILE_ONLY___ ═
2025-11-03 14:39:18,050 INFO     ___FILE_ONLY___ ═
2025-11-03 14:39:18,050 INFO     ___FILE_ONLY___ ═
2025-11-03 14:39:18,050 INFO     ___FILE_ONLY___ ═
2025-11-03 14:39:18,050 INFO     ___FILE_ONLY___ ═
2025-11-03 14:39:18,050 INFO     ___FILE_ONLY___ ═
2025-11-03 14:39:18,050 INFO     ___FILE_ONLY___ ═
2025-11-03 14:39:18,051 INFO     ___FILE_ONLY___ ═
2025-11-03 14:39:18,051 INFO     ___FILE_ONLY___ ═
2025-11-03 14:39:18,051 INFO     ___FILE_ONLY___ ═
2025-11-03 14:39:18,051 INFO     ___FILE_ONLY___ ═
2025-11-03 14:39:18,051 INFO     ___FILE_ONLY___ ═
2025-11-03 14:39:18,051 INFO     ___FILE_ONLY___ ═
2025-11-03 14:39:18,051 INFO     ___FILE_ONLY___ ═
2025-11-03 14:39:18,051 INFO     ___FILE_ONLY___ ═
2025-11-03 14:39:18,051 INFO     ___FILE_ONLY___ ═
2025-11-03 14:39:18,051 INFO     ___FILE_ONLY___ ═
2025-11-03 14:39:18,052 INFO     ___FILE_ONLY___ ═
2025-11-03 14:39:18,052 INFO     ___FILE_ONLY___ ═
2025-11-03 14:39:18,052 INFO     ___FILE_ONLY___ ═
2025-11-03 14:39:18,052 INFO     ___FILE_ONLY___ ═
2025-11-03 14:39:18,052 INFO     ___FILE_ONLY___ ═
2025-11-03 14:39:18,052 INFO     ___FILE_ONLY___ ═
2025-11-03 14:39:18,052 INFO     ___FILE_ONLY___ ═
2025-11-03 14:39:18,052 INFO     ___FILE_ONLY___ ═
2025-11-03 14:39:18,052 INFO     ___FILE_ONLY___ ═
2025-11-03 14:39:18,052 INFO     ___FILE_ONLY___ ═
2025-11-03 14:39:18,052 INFO     ___FILE_ONLY___ ═
2025-11-03 14:39:18,053 INFO     ___FILE_ONLY___ ═
2025-11-03 14:39:18,053 INFO     ___FILE_ONLY___ ═
2025-11-03 14:39:18,053 INFO     ___FILE_ONLY___ ═
2025-11-03 14:39:18,053 INFO     ___FILE_ONLY___ ═
2025-11-03 14:39:18,053 INFO     ___FILE_ONLY___ ═
2025-11-03 14:39:18,053 INFO     ___FILE_ONLY___ ═
2025-11-03 14:39:18,053 INFO     ___FILE_ONLY___ ═
2025-11-03 14:39:18,053 INFO     ___FILE_ONLY___ ═
2025-11-03 14:39:18,053 INFO     ___FILE_ONLY___ ═
2025-11-03 14:39:18,054 INFO     ___FILE_ONLY___ ═
2025-11-03 14:39:18,054 INFO     ___FILE_ONLY___ ═
2025-11-03 14:39:18,054 INFO     ___FILE_ONLY___ ═
2025-11-03 14:39:18,054 INFO     ___FILE_ONLY___ ═
2025-11-03 14:39:18,054 INFO     ___FILE_ONLY___ ═
2025-11-03 14:39:18,054 INFO     ___FILE_ONLY___ ═
2025-11-03 14:39:18,054 INFO     ___FILE_ONLY___ ═
2025-11-03 14:39:18,054 INFO     ___FILE_ONLY___ ═
2025-11-03 14:39:18,054 INFO     ___FILE_ONLY___ ═
2025-11-03 14:39:18,054 INFO     ___FILE_ONLY___ ═
2025-11-03 14:39:18,055 INFO     ___FILE_ONLY___ ═
2025-11-03 14:39:18,055 INFO     ___FILE_ONLY___ ═
2025-11-03 14:39:18,055 INFO     ___FILE_ONLY___ ═
2025-11-03 14:39:18,055 INFO     ___FILE_ONLY___ ═
2025-11-03 14:39:18,055 INFO     ___FILE_ONLY___ ╝

2025-11-03 14:39:18,057 INFO     ___FILE_ONLY___ ╔════════════════════════════════════════════════════════════╗

2025-11-03 14:39:18,057 INFO     ___FILE_ONLY___ ╠═ Downloading: BigQuery Command Line Tool (Platform Spe... ═╣

2025-11-03 14:39:18,058 INFO     ___FILE_ONLY___ ╚
2025-11-03 14:39:18,060 DEBUG    urllib3.connectionpool Starting new HTTPS connection (1): dl.google.com:443
2025-11-03 14:39:18,315 DEBUG    urllib3.connectionpool https://dl.google.com:443 "GET /dl/cloudsdk/channels/rapid/components/google-cloud-sdk-bq-nix-20250523104322.tar.gz HTTP/1.1" 200 1935
2025-11-03 14:39:18,316 INFO     ___FILE_ONLY___ ════════════════════════════════════════════════════════════
2025-11-03 14:39:18,316 INFO     ___FILE_ONLY___ ╝

2025-11-03 14:39:18,318 INFO     ___FILE_ONLY___ ╔════════════════════════════════════════════════════════════╗

2025-11-03 14:39:18,318 INFO     ___FILE_ONLY___ ╠═ Downloading: Bundled Python 3.12                         ═╣

2025-11-03 14:39:18,318 INFO     ___FILE_ONLY___ ╚
2025-11-03 14:39:18,318 INFO     ___FILE_ONLY___ ════════════════════════════════════════════════════════════
2025-11-03 14:39:18,318 INFO     ___FILE_ONLY___ ╝

2025-11-03 14:39:18,320 INFO     ___FILE_ONLY___ ╔════════════════════════════════════════════════════════════╗

2025-11-03 14:39:18,320 INFO     ___FILE_ONLY___ ╠═ Downloading: Bundled Python 3.12 (Platform Specific)     ═╣

2025-11-03 14:39:18,320 INFO     ___FILE_ONLY___ ╚
2025-11-03 14:39:18,323 DEBUG    urllib3.connectionpool Starting new HTTPS connection (1): dl.google.com:443
2025-11-03 14:39:18,531 DEBUG    urllib3.connectionpool https://dl.google.com:443 "GET /dl/cloudsdk/channels/rapid/components/google-cloud-sdk-bundled-python3-unix-linux-x86_64-20250502143716.tar.gz HTTP/1.1" 200 93610468
2025-11-03 14:39:18,871 INFO     ___FILE_ONLY___ ═
2025-11-03 14:39:18,873 INFO     ___FILE_ONLY___ ═
2025-11-03 14:39:18,875 INFO     ___FILE_ONLY___ ═
2025-11-03 14:39:18,877 INFO     ___FILE_ONLY___ ═
2025-11-03 14:39:18,880 INFO     ___FILE_ONLY___ ═
2025-11-03 14:39:18,882 INFO     ___FILE_ONLY___ ═
2025-11-03 14:39:18,884 INFO     ___FILE_ONLY___ ═
2025-11-03 14:39:18,886 INFO     ___FILE_ONLY___ ═
2025-11-03 14:39:18,888 INFO     ___FILE_ONLY___ ═
2025-11-03 14:39:18,890 INFO     ___FILE_ONLY___ ═
2025-11-03 14:39:18,892 INFO     ___FILE_ONLY___ ═
2025-11-03 14:39:18,894 INFO     ___FILE_ONLY___ ═
2025-11-03 14:39:18,896 INFO     ___FILE_ONLY___ ═
2025-11-03 14:39:18,898 INFO     ___FILE_ONLY___ ═
2025-11-03 14:39:18,900 INFO     ___FILE_ONLY___ ═
2025-11-03 14:39:18,902 INFO     ___FILE_ONLY___ ═
2025-11-03 14:39:18,904 INFO     ___FILE_ONLY___ ═
2025-11-03 14:39:18,906 INFO     ___FILE_ONLY___ ═
2025-11-03 14:39:18,908 INFO     ___FILE_ONLY___ ═
2025-11-03 14:39:18,910 INFO     ___FILE_ONLY___ ═
2025-11-03 14:39:18,912 INFO     ___FILE_ONLY___ ═
2025-11-03 14:39:18,914 INFO     ___FILE_ONLY___ ═
2025-11-03 14:39:18,916 INFO     ___FILE_ONLY___ ═
2025-11-03 14:39:18,918 INFO     ___FILE_ONLY___ ═
2025-11-03 14:39:18,920 INFO     ___FILE_ONLY___ ═
2025-11-03 14:39:18,922 INFO     ___FILE_ONLY___ ═
2025-11-03 14:39:18,925 INFO     ___FILE_ONLY___ ═
2025-11-03 14:39:18,927 INFO     ___FILE_ONLY___ ═
2025-11-03 14:39:18,929 INFO     ___FILE_ONLY___ ═
2025-11-03 14:39:18,931 INFO     ___FILE_ONLY___ ═
2025-11-03 14:39:18,933 INFO     ___FILE_ONLY___ ═
2025-11-03 14:39:18,935 INFO     ___FILE_ONLY___ ═
2025-11-03 14:39:18,937 INFO     ___FILE_ONLY___ ═
2025-11-03 14:39:18,939 INFO     ___FILE_ONLY___ ═
2025-11-03 14:39:18,941 INFO     ___FILE_ONLY___ ═
2025-11-03 14:39:18,943 INFO     ___FILE_ONLY___ ═
2025-11-03 14:39:18,945 INFO     ___FILE_ONLY___ ═
2025-11-03 14:39:18,947 INFO     ___FILE_ONLY___ ═
2025-11-03 14:39:18,950 INFO     ___FILE_ONLY___ ═
2025-11-03 14:39:18,952 INFO     ___FILE_ONLY___ ═
2025-11-03 14:39:18,955 INFO     ___FILE_ONLY___ ═
2025-11-03 14:39:18,958 INFO     ___FILE_ONLY___ ═
2025-11-03 14:39:18,960 INFO     ___FILE_ONLY___ ═
2025-11-03 14:39:18,963 INFO     ___FILE_ONLY___ ═
2025-11-03 14:39:18,966 INFO     ___FILE_ONLY___ ═
2025-11-03 14:39:18,968 INFO     ___FILE_ONLY___ ═
2025-11-03 14:39:18,971 INFO     ___FILE_ONLY___ ═
2025-11-03 14:39:18,974 INFO     ___FILE_ONLY___ ═
2025-11-03 14:39:18,976 INFO     ___FILE_ONLY___ ═
2025-11-03 14:39:18,979 INFO     ___FILE_ONLY___ ═
2025-11-03 14:39:18,982 INFO     ___FILE_ONLY___ ═
2025-11-03 14:39:18,984 INFO     ___FILE_ONLY___ ═
2025-11-03 14:39:18,987 INFO     ___FILE_ONLY___ ═
2025-11-03 14:39:18,989 INFO     ___FILE_ONLY___ ═
2025-11-03 14:39:18,991 INFO     ___FILE_ONLY___ ═
2025-11-03 14:39:18,993 INFO     ___FILE_ONLY___ ═
2025-11-03 14:39:18,995 INFO     ___FILE_ONLY___ ═
2025-11-03 14:39:18,997 INFO     ___FILE_ONLY___ ═
2025-11-03 14:39:18,999 INFO     ___FILE_ONLY___ ═
2025-11-03 14:39:19,001 INFO     ___FILE_ONLY___ ═
2025-11-03 14:39:19,001 INFO     ___FILE_ONLY___ ╝

2025-11-03 14:39:19,004 INFO     ___FILE_ONLY___ ╔════════════════════════════════════════════════════════════╗

2025-11-03 14:39:19,004 INFO     ___FILE_ONLY___ ╠═ Downloading: Cloud Storage Command Line Tool             ═╣

2025-11-03 14:39:19,004 INFO     ___FILE_ONLY___ ╚
2025-11-03 14:39:19,007 DEBUG    urllib3.connectionpool Starting new HTTPS connection (1): dl.google.com:443
2025-11-03 14:39:19,060 DEBUG    urllib3.connectionpool https://dl.google.com:443 "GET /dl/cloudsdk/channels/rapid/components/google-cloud-sdk-gsutil-20250627154417.tar.gz HTTP/1.1" 200 12962791
2025-11-03 14:39:19,118 INFO     ___FILE_ONLY___ ═
2025-11-03 14:39:19,118 INFO     ___FILE_ONLY___ ═
2025-11-03 14:39:19,118 INFO     ___FILE_ONLY___ ═
2025-11-03 14:39:19,119 INFO     ___FILE_ONLY___ ═
2025-11-03 14:39:19,119 INFO     ___FILE_ONLY___ ═
2025-11-03 14:39:19,120 INFO     ___FILE_ONLY___ ═
2025-11-03 14:39:19,120 INFO     ___FILE_ONLY___ ═
2025-11-03 14:39:19,120 INFO     ___FILE_ONLY___ ═
2025-11-03 14:39:19,121 INFO     ___FILE_ONLY___ ═
2025-11-03 14:39:19,121 INFO     ___FILE_ONLY___ ═
2025-11-03 14:39:19,121 INFO     ___FILE_ONLY___ ═
2025-11-03 14:39:19,122 INFO     ___FILE_ONLY___ ═
2025-11-03 14:39:19,122 INFO     ___FILE_ONLY___ ═
2025-11-03 14:39:19,122 INFO     ___FILE_ONLY___ ═
2025-11-03 14:39:19,123 INFO     ___FILE_ONLY___ ═
2025-11-03 14:39:19,123 INFO     ___FILE_ONLY___ ═
2025-11-03 14:39:19,123 INFO     ___FILE_ONLY___ ═
2025-11-03 14:39:19,124 INFO     ___FILE_ONLY___ ═
2025-11-03 14:39:19,124 INFO     ___FILE_ONLY___ ═
2025-11-03 14:39:19,124 INFO     ___FILE_ONLY___ ═
2025-11-03 14:39:19,125 INFO     ___FILE_ONLY___ ═
2025-11-03 14:39:19,125 INFO     ___FILE_ONLY___ ═
2025-11-03 14:39:19,125 INFO     ___FILE_ONLY___ ═
2025-11-03 14:39:19,126 INFO     ___FILE_ONLY___ ═
2025-11-03 14:39:19,126 INFO     ___FILE_ONLY___ ═
2025-11-03 14:39:19,126 INFO     ___FILE_ONLY___ ═
2025-11-03 14:39:19,127 INFO     ___FILE_ONLY___ ═
2025-11-03 14:39:19,127 INFO     ___FILE_ONLY___ ═
2025-11-03 14:39:19,127 INFO     ___FILE_ONLY___ ═
2025-11-03 14:39:19,128 INFO     ___FILE_ONLY___ ═
2025-11-03 14:39:19,128 INFO     ___FILE_ONLY___ ═
2025-11-03 14:39:19,128 INFO     ___FILE_ONLY___ ═
2025-11-03 14:39:19,129 INFO     ___FILE_ONLY___ ═
2025-11-03 14:39:19,129 INFO     ___FILE_ONLY___ ═
2025-11-03 14:39:19,129 INFO     ___FILE_ONLY___ ═
2025-11-03 14:39:19,130 INFO     ___FILE_ONLY___ ═
2025-11-03 14:39:19,130 INFO     ___FILE_ONLY___ ═
2025-11-03 14:39:19,130 INFO     ___FILE_ONLY___ ═
2025-11-03 14:39:19,131 INFO     ___FILE_ONLY___ ═
2025-11-03 14:39:19,131 INFO     ___FILE_ONLY___ ═
2025-11-03 14:39:19,131 INFO     ___FILE_ONLY___ ═
2025-11-03 14:39:19,132 INFO     ___FILE_ONLY___ ═
2025-11-03 14:39:19,132 INFO     ___FILE_ONLY___ ═
2025-11-03 14:39:19,132 INFO     ___FILE_ONLY___ ═
2025-11-03 14:39:19,133 INFO     ___FILE_ONLY___ ═
2025-11-03 14:39:19,133 INFO     ___FILE_ONLY___ ═
2025-11-03 14:39:19,133 INFO     ___FILE_ONLY___ ═
2025-11-03 14:39:19,134 INFO     ___FILE_ONLY___ ═
2025-11-03 14:39:19,134 INFO     ___FILE_ONLY___ ═
2025-11-03 14:39:19,134 INFO     ___FILE_ONLY___ ═
2025-11-03 14:39:19,135 INFO     ___FILE_ONLY___ ═
2025-11-03 14:39:19,135 INFO     ___FILE_ONLY___ ═
2025-11-03 14:39:19,135 INFO     ___FILE_ONLY___ ═
2025-11-03 14:39:19,136 INFO     ___FILE_ONLY___ ═
2025-11-03 14:39:19,136 INFO     ___FILE_ONLY___ ═
2025-11-03 14:39:19,136 INFO     ___FILE_ONLY___ ═
2025-11-03 14:39:19,137 INFO     ___FILE_ONLY___ ═
2025-11-03 14:39:19,137 INFO     ___FILE_ONLY___ ═
2025-11-03 14:39:19,137 INFO     ___FILE_ONLY___ ═
2025-11-03 14:39:19,138 INFO     ___FILE_ONLY___ ═
2025-11-03 14:39:19,138 INFO     ___FILE_ONLY___ ╝

2025-11-03 14:39:19,140 INFO     ___FILE_ONLY___ ╔════════════════════════════════════════════════════════════╗

2025-11-03 14:39:19,140 INFO     ___FILE_ONLY___ ╠═ Downloading: Cloud Storage Command Line Tool (Platfor... ═╣

2025-11-03 14:39:19,140 INFO     ___FILE_ONLY___ ╚
2025-11-03 14:39:19,143 DEBUG    urllib3.connectionpool Starting new HTTPS connection (1): dl.google.com:443
2025-11-03 14:39:19,347 DEBUG    urllib3.connectionpool https://dl.google.com:443 "GET /dl/cloudsdk/channels/rapid/components/google-cloud-sdk-gsutil-nix-20250523104322.tar.gz HTTP/1.1" 200 1950
2025-11-03 14:39:19,348 INFO     ___FILE_ONLY___ ════════════════════════════════════════════════════════════
2025-11-03 14:39:19,348 INFO     ___FILE_ONLY___ ╝

2025-11-03 14:39:19,350 INFO     ___FILE_ONLY___ ╔════════════════════════════════════════════════════════════╗

2025-11-03 14:39:19,351 INFO     ___FILE_ONLY___ ╠═ Downloading: Default set of gcloud commands              ═╣

2025-11-03 14:39:19,351 INFO     ___FILE_ONLY___ ╚
2025-11-03 14:39:19,351 INFO     ___FILE_ONLY___ ════════════════════════════════════════════════════════════
2025-11-03 14:39:19,351 INFO     ___FILE_ONLY___ ╝

2025-11-03 14:39:19,353 INFO     ___FILE_ONLY___ ╔════════════════════════════════════════════════════════════╗

2025-11-03 14:39:19,353 INFO     ___FILE_ONLY___ ╠═ Downloading: Google Cloud CLI Core Libraries (Platfor... ═╣

2025-11-03 14:39:19,353 INFO     ___FILE_ONLY___ ╚
2025-11-03 14:39:19,356 DEBUG    urllib3.connectionpool Starting new HTTPS connection (1): dl.google.com:443
2025-11-03 14:39:19,591 DEBUG    urllib3.connectionpool https://dl.google.com:443 "GET /dl/cloudsdk/channels/rapid/components/google-cloud-sdk-core-nix-20250523104322.tar.gz HTTP/1.1" 200 2325
2025-11-03 14:39:19,592 INFO     ___FILE_ONLY___ ════════════════════════════════════════════════════════════
2025-11-03 14:39:19,592 INFO     ___FILE_ONLY___ ╝

2025-11-03 14:39:19,594 INFO     ___FILE_ONLY___ ╔════════════════════════════════════════════════════════════╗

2025-11-03 14:39:19,594 INFO     ___FILE_ONLY___ ╠═ Downloading: Google Cloud CRC32C Hash Tool               ═╣

2025-11-03 14:39:19,594 INFO     ___FILE_ONLY___ ╚
2025-11-03 14:39:19,594 INFO     ___FILE_ONLY___ ════════════════════════════════════════════════════════════
2025-11-03 14:39:19,594 INFO     ___FILE_ONLY___ ╝

2025-11-03 14:39:19,596 INFO     ___FILE_ONLY___ ╔════════════════════════════════════════════════════════════╗

2025-11-03 14:39:19,596 INFO     ___FILE_ONLY___ ╠═ Downloading: Google Cloud CRC32C Hash Tool (Platform ... ═╣

2025-11-03 14:39:19,596 INFO     ___FILE_ONLY___ ╚
2025-11-03 14:39:19,599 DEBUG    urllib3.connectionpool Starting new HTTPS connection (1): dl.google.com:443
2025-11-03 14:39:19,644 DEBUG    urllib3.connectionpool https://dl.google.com:443 "GET /dl/cloudsdk/channels/rapid/components/google-cloud-sdk-gcloud-crc32c-linux-x86_64-20250613150750.tar.gz HTTP/1.1" 200 1525557
2025-11-03 14:39:19,656 INFO     ___FILE_ONLY___ ═
2025-11-03 14:39:19,657 INFO     ___FILE_ONLY___ ═
2025-11-03 14:39:19,657 INFO     ___FILE_ONLY___ ═
2025-11-03 14:39:19,657 INFO     ___FILE_ONLY___ ═
2025-11-03 14:39:19,657 INFO     ___FILE_ONLY___ ═
2025-11-03 14:39:19,657 INFO     ___FILE_ONLY___ ═
2025-11-03 14:39:19,657 INFO     ___FILE_ONLY___ ═
2025-11-03 14:39:19,657 INFO     ___FILE_ONLY___ ═
2025-11-03 14:39:19,657 INFO     ___FILE_ONLY___ ═
2025-11-03 14:39:19,657 INFO     ___FILE_ONLY___ ═
2025-11-03 14:39:19,658 INFO     ___FILE_ONLY___ ═
2025-11-03 14:39:19,658 INFO     ___FILE_ONLY___ ═
2025-11-03 14:39:19,658 INFO     ___FILE_ONLY___ ═
2025-11-03 14:39:19,658 INFO     ___FILE_ONLY___ ═
2025-11-03 14:39:19,658 INFO     ___FILE_ONLY___ ═
2025-11-03 14:39:19,658 INFO     ___FILE_ONLY___ ═
2025-11-03 14:39:19,658 INFO     ___FILE_ONLY___ ═
2025-11-03 14:39:19,658 INFO     ___FILE_ONLY___ ═
2025-11-03 14:39:19,658 INFO     ___FILE_ONLY___ ═
2025-11-03 14:39:19,658 INFO     ___FILE_ONLY___ ═
2025-11-03 14:39:19,658 INFO     ___FILE_ONLY___ ═
2025-11-03 14:39:19,659 INFO     ___FILE_ONLY___ ═
2025-11-03 14:39:19,659 INFO     ___FILE_ONLY___ ═
2025-11-03 14:39:19,659 INFO     ___FILE_ONLY___ ═
2025-11-03 14:39:19,659 INFO     ___FILE_ONLY___ ═
2025-11-03 14:39:19,659 INFO     ___FILE_ONLY___ ═
2025-11-03 14:39:19,659 INFO     ___FILE_ONLY___ ═
2025-11-03 14:39:19,659 INFO     ___FILE_ONLY___ ═
2025-11-03 14:39:19,659 INFO     ___FILE_ONLY___ ═
2025-11-03 14:39:19,659 INFO     ___FILE_ONLY___ ═
2025-11-03 14:39:19,659 INFO     ___FILE_ONLY___ ═
2025-11-03 14:39:19,659 INFO     ___FILE_ONLY___ ═
2025-11-03 14:39:19,660 INFO     ___FILE_ONLY___ ═
2025-11-03 14:39:19,660 INFO     ___FILE_ONLY___ ═
2025-11-03 14:39:19,660 INFO     ___FILE_ONLY___ ═
2025-11-03 14:39:19,660 INFO     ___FILE_ONLY___ ═
2025-11-03 14:39:19,660 INFO     ___FILE_ONLY___ ═
2025-11-03 14:39:19,660 INFO     ___FILE_ONLY___ ═
2025-11-03 14:39:19,660 INFO     ___FILE_ONLY___ ═
2025-11-03 14:39:19,660 INFO     ___FILE_ONLY___ ═
2025-11-03 14:39:19,660 INFO     ___FILE_ONLY___ ═
2025-11-03 14:39:19,660 INFO     ___FILE_ONLY___ ═
2025-11-03 14:39:19,660 INFO     ___FILE_ONLY___ ═
2025-11-03 14:39:19,660 INFO     ___FILE_ONLY___ ═
2025-11-03 14:39:19,661 INFO     ___FILE_ONLY___ ═
2025-11-03 14:39:19,661 INFO     ___FILE_ONLY___ ═
2025-11-03 14:39:19,661 INFO     ___FILE_ONLY___ ═
2025-11-03 14:39:19,661 INFO     ___FILE_ONLY___ ═
2025-11-03 14:39:19,661 INFO     ___FILE_ONLY___ ═
2025-11-03 14:39:19,661 INFO     ___FILE_ONLY___ ═
2025-11-03 14:39:19,661 INFO     ___FILE_ONLY___ ═
2025-11-03 14:39:19,661 INFO     ___FILE_ONLY___ ═
2025-11-03 14:39:19,661 INFO     ___FILE_ONLY___ ═
2025-11-03 14:39:19,661 INFO     ___FILE_ONLY___ ═
2025-11-03 14:39:19,661 INFO     ___FILE_ONLY___ ═
2025-11-03 14:39:19,662 INFO     ___FILE_ONLY___ ═
2025-11-03 14:39:19,662 INFO     ___FILE_ONLY___ ═
2025-11-03 14:39:19,662 INFO     ___FILE_ONLY___ ═
2025-11-03 14:39:19,662 INFO     ___FILE_ONLY___ ═
2025-11-03 14:39:19,662 INFO     ___FILE_ONLY___ ═
2025-11-03 14:39:19,662 INFO     ___FILE_ONLY___ ╝

2025-11-03 14:39:19,664 INFO     ___FILE_ONLY___ ╔════════════════════════════════════════════════════════════╗

2025-11-03 14:39:19,664 INFO     ___FILE_ONLY___ ╠═ Downloading: gcloud cli dependencies (Platform Specific) ═╣

2025-11-03 14:39:19,664 INFO     ___FILE_ONLY___ ╚
2025-11-03 14:39:19,667 DEBUG    urllib3.connectionpool Starting new HTTPS connection (1): dl.google.com:443
2025-11-03 14:39:19,910 DEBUG    urllib3.connectionpool https://dl.google.com:443 "GET /dl/cloudsdk/channels/rapid/components/google-cloud-sdk-gcloud-deps-linux-x86_64-20210416153011.tar.gz HTTP/1.1" 200 104
2025-11-03 14:39:19,911 INFO     ___FILE_ONLY___ ════════════════════════════════════════════════════════════
2025-11-03 14:39:19,911 INFO     ___FILE_ONLY___ ╝

2025-11-03 14:39:19,913 INFO     ___FILE_ONLY___ ╔════════════════════════════════════════════════════════════╗

2025-11-03 14:39:19,914 INFO     ___FILE_ONLY___ ╠═ Installing: BigQuery Command Line Tool                   ═╣

2025-11-03 14:39:19,914 INFO     ___FILE_ONLY___ ╚
2025-11-03 14:39:20,014 INFO     ___FILE_ONLY___ ═
2025-11-03 14:39:20,017 INFO     ___FILE_ONLY___ ═
2025-11-03 14:39:20,019 INFO     ___FILE_ONLY___ ═
2025-11-03 14:39:20,022 INFO     ___FILE_ONLY___ ═
2025-11-03 14:39:20,025 INFO     ___FILE_ONLY___ ═
2025-11-03 14:39:20,028 INFO     ___FILE_ONLY___ ═
2025-11-03 14:39:20,030 INFO     ___FILE_ONLY___ ═
2025-11-03 14:39:20,032 INFO     ___FILE_ONLY___ ═
2025-11-03 14:39:20,035 INFO     ___FILE_ONLY___ ═
2025-11-03 14:39:20,038 INFO     ___FILE_ONLY___ ═
2025-11-03 14:39:20,040 INFO     ___FILE_ONLY___ ═
2025-11-03 14:39:20,043 INFO     ___FILE_ONLY___ ═
2025-11-03 14:39:20,045 INFO     ___FILE_ONLY___ ═
2025-11-03 14:39:20,048 INFO     ___FILE_ONLY___ ═
2025-11-03 14:39:20,050 INFO     ___FILE_ONLY___ ═
2025-11-03 14:39:20,053 INFO     ___FILE_ONLY___ ═
2025-11-03 14:39:20,055 INFO     ___FILE_ONLY___ ═
2025-11-03 14:39:20,059 INFO     ___FILE_ONLY___ ═
2025-11-03 14:39:20,062 INFO     ___FILE_ONLY___ ═
2025-11-03 14:39:20,064 INFO     ___FILE_ONLY___ ═
2025-11-03 14:39:20,067 INFO     ___FILE_ONLY___ ═
2025-11-03 14:39:20,069 INFO     ___FILE_ONLY___ ═
2025-11-03 14:39:20,071 INFO     ___FILE_ONLY___ ═
2025-11-03 14:39:20,074 INFO     ___FILE_ONLY___ ═
2025-11-03 14:39:20,076 INFO     ___FILE_ONLY___ ═
2025-11-03 14:39:20,079 INFO     ___FILE_ONLY___ ═
2025-11-03 14:39:20,081 INFO     ___FILE_ONLY___ ═
2025-11-03 14:39:20,084 INFO     ___FILE_ONLY___ ═
2025-11-03 14:39:20,086 INFO     ___FILE_ONLY___ ═
2025-11-03 14:39:20,088 INFO     ___FILE_ONLY___ ═
2025-11-03 14:39:20,090 INFO     ___FILE_ONLY___ ═
2025-11-03 14:39:20,092 INFO     ___FILE_ONLY___ ═
2025-11-03 14:39:20,094 INFO     ___FILE_ONLY___ ═
2025-11-03 14:39:20,098 INFO     ___FILE_ONLY___ ═
2025-11-03 14:39:20,100 INFO     ___FILE_ONLY___ ═
2025-11-03 14:39:20,103 INFO     ___FILE_ONLY___ ═
2025-11-03 14:39:20,105 INFO     ___FILE_ONLY___ ═
2025-11-03 14:39:20,109 INFO     ___FILE_ONLY___ ═
2025-11-03 14:39:20,120 INFO     ___FILE_ONLY___ ═
2025-11-03 14:39:20,125 INFO     ___FILE_ONLY___ ═
2025-11-03 14:39:20,128 INFO     ___FILE_ONLY___ ═
2025-11-03 14:39:20,130 INFO     ___FILE_ONLY___ ═
2025-11-03 14:39:20,133 INFO     ___FILE_ONLY___ ═
2025-11-03 14:39:20,136 INFO     ___FILE_ONLY___ ═
2025-11-03 14:39:20,139 INFO     ___FILE_ONLY___ ═
2025-11-03 14:39:20,144 INFO     ___FILE_ONLY___ ═
2025-11-03 14:39:20,146 INFO     ___FILE_ONLY___ ═
2025-11-03 14:39:20,149 INFO     ___FILE_ONLY___ ═
2025-11-03 14:39:20,151 INFO     ___FILE_ONLY___ ═
2025-11-03 14:39:20,154 INFO     ___FILE_ONLY___ ═
2025-11-03 14:39:20,156 INFO     ___FILE_ONLY___ ═
2025-11-03 14:39:20,159 INFO     ___FILE_ONLY___ ═
2025-11-03 14:39:20,162 INFO     ___FILE_ONLY___ ═
2025-11-03 14:39:20,164 INFO     ___FILE_ONLY___ ═
2025-11-03 14:39:20,167 INFO     ___FILE_ONLY___ ═
2025-11-03 14:39:20,169 INFO     ___FILE_ONLY___ ═
2025-11-03 14:39:20,172 INFO     ___FILE_ONLY___ ═
2025-11-03 14:39:20,174 INFO     ___FILE_ONLY___ ═
2025-11-03 14:39:20,176 INFO     ___FILE_ONLY___ ═
2025-11-03 14:39:20,179 INFO     ___FILE_ONLY___ ═
2025-11-03 14:39:20,179 INFO     ___FILE_ONLY___ ╝

2025-11-03 14:39:20,188 INFO     ___FILE_ONLY___ ╔════════════════════════════════════════════════════════════╗

2025-11-03 14:39:20,188 INFO     ___FILE_ONLY___ ╠═ Installing: BigQuery Command Line Tool (Platform Spec... ═╣

2025-11-03 14:39:20,188 INFO     ___FILE_ONLY___ ╚
2025-11-03 14:39:20,189 INFO     ___FILE_ONLY___ ════════════════════════════════════════════════════════════
2025-11-03 14:39:20,189 INFO     ___FILE_ONLY___ ╝

2025-11-03 14:39:20,193 INFO     ___FILE_ONLY___ ╔════════════════════════════════════════════════════════════╗

2025-11-03 14:39:20,194 INFO     ___FILE_ONLY___ ╠═ Installing: Bundled Python 3.12                          ═╣

2025-11-03 14:39:20,194 INFO     ___FILE_ONLY___ ╚
2025-11-03 14:39:20,196 INFO     ___FILE_ONLY___ ════════════════════════════════════════════════════════════
2025-11-03 14:39:20,196 INFO     ___FILE_ONLY___ ╝

2025-11-03 14:39:20,198 INFO     ___FILE_ONLY___ ╔════════════════════════════════════════════════════════════╗

2025-11-03 14:39:20,198 INFO     ___FILE_ONLY___ ╠═ Installing: Bundled Python 3.12 (Platform Specific)      ═╣

2025-11-03 14:39:20,198 INFO     ___FILE_ONLY___ ╚
2025-11-03 14:39:22,375 INFO     ___FILE_ONLY___ ═
2025-11-03 14:39:22,388 INFO     ___FILE_ONLY___ ═
2025-11-03 14:39:22,401 INFO     ___FILE_ONLY___ ═
2025-11-03 14:39:22,414 INFO     ___FILE_ONLY___ ═
2025-11-03 14:39:22,428 INFO     ___FILE_ONLY___ ═
2025-11-03 14:39:22,442 INFO     ___FILE_ONLY___ ═
2025-11-03 14:39:22,456 INFO     ___FILE_ONLY___ ═
2025-11-03 14:39:22,469 INFO     ___FILE_ONLY___ ═
2025-11-03 14:39:22,483 INFO     ___FILE_ONLY___ ═
2025-11-03 14:39:22,496 INFO     ___FILE_ONLY___ ═
2025-11-03 14:39:22,510 INFO     ___FILE_ONLY___ ═
2025-11-03 14:39:22,524 INFO     ___FILE_ONLY___ ═
2025-11-03 14:39:22,537 INFO     ___FILE_ONLY___ ═
2025-11-03 14:39:22,551 INFO     ___FILE_ONLY___ ═
2025-11-03 14:39:22,568 INFO     ___FILE_ONLY___ ═
2025-11-03 14:39:22,585 INFO     ___FILE_ONLY___ ═
2025-11-03 14:39:22,601 INFO     ___FILE_ONLY___ ═
2025-11-03 14:39:22,617 INFO     ___FILE_ONLY___ ═
2025-11-03 14:39:22,633 INFO     ___FILE_ONLY___ ═
2025-11-03 14:39:22,649 INFO     ___FILE_ONLY___ ═
2025-11-03 14:39:22,665 INFO     ___FILE_ONLY___ ═
2025-11-03 14:39:22,681 INFO     ___FILE_ONLY___ ═
2025-11-03 14:39:22,697 INFO     ___FILE_ONLY___ ═
2025-11-03 14:39:22,712 INFO     ___FILE_ONLY___ ═
2025-11-03 14:39:22,728 INFO     ___FILE_ONLY___ ═
2025-11-03 14:39:22,744 INFO     ___FILE_ONLY___ ═
2025-11-03 14:39:22,759 INFO     ___FILE_ONLY___ ═
2025-11-03 14:39:22,775 INFO     ___FILE_ONLY___ ═
2025-11-03 14:39:22,791 INFO     ___FILE_ONLY___ ═
2025-11-03 14:39:22,807 INFO     ___FILE_ONLY___ ═
2025-11-03 14:39:22,823 INFO     ___FILE_ONLY___ ═
2025-11-03 14:39:22,838 INFO     ___FILE_ONLY___ ═
2025-11-03 14:39:22,852 INFO     ___FILE_ONLY___ ═
2025-11-03 14:39:22,866 INFO     ___FILE_ONLY___ ═
2025-11-03 14:39:22,884 INFO     ___FILE_ONLY___ ═
2025-11-03 14:39:22,900 INFO     ___FILE_ONLY___ ═
2025-11-03 14:39:23,747 INFO     ___FILE_ONLY___ ═
2025-11-03 14:39:23,773 INFO     ___FILE_ONLY___ ═
2025-11-03 14:39:24,269 INFO     ___FILE_ONLY___ ═
2025-11-03 14:39:24,289 INFO     ___FILE_ONLY___ ═
2025-11-03 14:39:24,312 INFO     ___FILE_ONLY___ ═
2025-11-03 14:39:24,341 INFO     ___FILE_ONLY___ ═
2025-11-03 14:39:24,361 INFO     ___FILE_ONLY___ ═
2025-11-03 14:39:24,390 INFO     ___FILE_ONLY___ ═
2025-11-03 14:39:24,413 INFO     ___FILE_ONLY___ ═
2025-11-03 14:39:24,433 INFO     ___FILE_ONLY___ ═
2025-11-03 14:39:24,451 INFO     ___FILE_ONLY___ ═
2025-11-03 14:39:24,469 INFO     ___FILE_ONLY___ ═
2025-11-03 14:39:24,557 INFO     ___FILE_ONLY___ ═
2025-11-03 14:39:24,576 INFO     ___FILE_ONLY___ ═
2025-11-03 14:39:24,714 INFO     ___FILE_ONLY___ ═
2025-11-03 14:39:24,732 INFO     ___FILE_ONLY___ ═
2025-11-03 14:39:24,749 INFO     ___FILE_ONLY___ ═
2025-11-03 14:39:24,768 INFO     ___FILE_ONLY___ ═
2025-11-03 14:39:24,784 INFO     ___FILE_ONLY___ ═
2025-11-03 14:39:24,804 INFO     ___FILE_ONLY___ ═
2025-11-03 14:39:24,823 INFO     ___FILE_ONLY___ ═
2025-11-03 14:39:24,841 INFO     ___FILE_ONLY___ ═
2025-11-03 14:39:24,870 INFO     ___FILE_ONLY___ ═
2025-11-03 14:39:25,351 INFO     ___FILE_ONLY___ ═
2025-11-03 14:39:25,351 INFO     ___FILE_ONLY___ ╝

2025-11-03 14:39:25,406 INFO     ___FILE_ONLY___ ╔════════════════════════════════════════════════════════════╗

2025-11-03 14:39:25,406 INFO     ___FILE_ONLY___ ╠═ Installing: Cloud Storage Command Line Tool              ═╣

2025-11-03 14:39:25,406 INFO     ___FILE_ONLY___ ╚
2025-11-03 14:39:25,946 INFO     ___FILE_ONLY___ ═
2025-11-03 14:39:25,959 INFO     ___FILE_ONLY___ ═
2025-11-03 14:39:25,971 INFO     ___FILE_ONLY___ ═
2025-11-03 14:39:25,982 INFO     ___FILE_ONLY___ ═
2025-11-03 14:39:25,993 INFO     ___FILE_ONLY___ ═
2025-11-03 14:39:26,029 INFO     ___FILE_ONLY___ ═
2025-11-03 14:39:26,043 INFO     ___FILE_ONLY___ ═
2025-11-03 14:39:26,060 INFO     ___FILE_ONLY___ ═
2025-11-03 14:39:26,077 INFO     ___FILE_ONLY___ ═
2025-11-03 14:39:26,093 INFO     ___FILE_ONLY___ ═
2025-11-03 14:39:26,112 INFO     ___FILE_ONLY___ ═
2025-11-03 14:39:26,124 INFO     ___FILE_ONLY___ ═
2025-11-03 14:39:26,136 INFO     ___FILE_ONLY___ ═
2025-11-03 14:39:26,146 INFO     ___FILE_ONLY___ ═
2025-11-03 14:39:26,156 INFO     ___FILE_ONLY___ ═
2025-11-03 14:39:26,174 INFO     ___FILE_ONLY___ ═
2025-11-03 14:39:26,189 INFO     ___FILE_ONLY___ ═
2025-11-03 14:39:26,199 INFO     ___FILE_ONLY___ ═
2025-11-03 14:39:26,212 INFO     ___FILE_ONLY___ ═
2025-11-03 14:39:26,224 INFO     ___FILE_ONLY___ ═
2025-11-03 14:39:26,235 INFO     ___FILE_ONLY___ ═
2025-11-03 14:39:26,249 INFO     ___FILE_ONLY___ ═
2025-11-03 14:39:26,260 INFO     ___FILE_ONLY___ ═
2025-11-03 14:39:26,272 INFO     ___FILE_ONLY___ ═
2025-11-03 14:39:26,283 INFO     ___FILE_ONLY___ ═
2025-11-03 14:39:26,295 INFO     ___FILE_ONLY___ ═
2025-11-03 14:39:26,307 INFO     ___FILE_ONLY___ ═
2025-11-03 14:39:26,321 INFO     ___FILE_ONLY___ ═
2025-11-03 14:39:26,339 INFO     ___FILE_ONLY___ ═
2025-11-03 14:39:26,352 INFO     ___FILE_ONLY___ ═
2025-11-03 14:39:26,365 INFO     ___FILE_ONLY___ ═
2025-11-03 14:39:26,387 INFO     ___FILE_ONLY___ ═
2025-11-03 14:39:26,404 INFO     ___FILE_ONLY___ ═
2025-11-03 14:39:26,424 INFO     ___FILE_ONLY___ ═
2025-11-03 14:39:26,439 INFO     ___FILE_ONLY___ ═
2025-11-03 14:39:26,457 INFO     ___FILE_ONLY___ ═
2025-11-03 14:39:26,468 INFO     ___FILE_ONLY___ ═
2025-11-03 14:39:26,479 INFO     ___FILE_ONLY___ ═
2025-11-03 14:39:26,517 INFO     ___FILE_ONLY___ ═
2025-11-03 14:39:26,532 INFO     ___FILE_ONLY___ ═
2025-11-03 14:39:26,545 INFO     ___FILE_ONLY___ ═
2025-11-03 14:39:26,556 INFO     ___FILE_ONLY___ ═
2025-11-03 14:39:26,568 INFO     ___FILE_ONLY___ ═
2025-11-03 14:39:26,579 INFO     ___FILE_ONLY___ ═
2025-11-03 14:39:26,591 INFO     ___FILE_ONLY___ ═
2025-11-03 14:39:26,602 INFO     ___FILE_ONLY___ ═
2025-11-03 14:39:26,612 INFO     ___FILE_ONLY___ ═
2025-11-03 14:39:26,622 INFO     ___FILE_ONLY___ ═
2025-11-03 14:39:26,633 INFO     ___FILE_ONLY___ ═
2025-11-03 14:39:26,647 INFO     ___FILE_ONLY___ ═
2025-11-03 14:39:26,662 INFO     ___FILE_ONLY___ ═
2025-11-03 14:39:26,676 INFO     ___FILE_ONLY___ ═
2025-11-03 14:39:26,691 INFO     ___FILE_ONLY___ ═
2025-11-03 14:39:26,705 INFO     ___FILE_ONLY___ ═
2025-11-03 14:39:26,718 INFO     ___FILE_ONLY___ ═
2025-11-03 14:39:26,734 INFO     ___FILE_ONLY___ ═
2025-11-03 14:39:26,752 INFO     ___FILE_ONLY___ ═
2025-11-03 14:39:26,773 INFO     ___FILE_ONLY___ ═
2025-11-03 14:39:26,791 INFO     ___FILE_ONLY___ ═
2025-11-03 14:39:26,810 INFO     ___FILE_ONLY___ ═
2025-11-03 14:39:26,811 INFO     ___FILE_ONLY___ ╝

2025-11-03 14:39:26,842 INFO     ___FILE_ONLY___ ╔════════════════════════════════════════════════════════════╗

2025-11-03 14:39:26,842 INFO     ___FILE_ONLY___ ╠═ Installing: Cloud Storage Command Line Tool (Platform... ═╣

2025-11-03 14:39:26,842 INFO     ___FILE_ONLY___ ╚
2025-11-03 14:39:26,843 INFO     ___FILE_ONLY___ ════════════════════════════════════════════════════════════
2025-11-03 14:39:26,843 INFO     ___FILE_ONLY___ ╝

2025-11-03 14:39:26,848 INFO     ___FILE_ONLY___ ╔════════════════════════════════════════════════════════════╗

2025-11-03 14:39:26,848 INFO     ___FILE_ONLY___ ╠═ Installing: Default set of gcloud commands               ═╣

2025-11-03 14:39:26,848 INFO     ___FILE_ONLY___ ╚
2025-11-03 14:39:26,851 INFO     ___FILE_ONLY___ ════════════════════════════════════════════════════════════
2025-11-03 14:39:26,851 INFO     ___FILE_ONLY___ ╝

2025-11-03 14:39:26,853 INFO     ___FILE_ONLY___ ╔════════════════════════════════════════════════════════════╗

2025-11-03 14:39:26,853 INFO     ___FILE_ONLY___ ╠═ Installing: Google Cloud CLI Core Libraries (Platform... ═╣

2025-11-03 14:39:26,853 INFO     ___FILE_ONLY___ ╚
2025-11-03 14:39:26,854 INFO     ___FILE_ONLY___ ══════════════════════════════
2025-11-03 14:39:26,855 INFO     ___FILE_ONLY___ ══════════════════════════════
2025-11-03 14:39:26,855 INFO     ___FILE_ONLY___ ╝

2025-11-03 14:39:26,859 INFO     ___FILE_ONLY___ ╔════════════════════════════════════════════════════════════╗

2025-11-03 14:39:26,859 INFO     ___FILE_ONLY___ ╠═ Installing: Google Cloud CRC32C Hash Tool                ═╣

2025-11-03 14:39:26,860 INFO     ___FILE_ONLY___ ╚
2025-11-03 14:39:26,862 INFO     ___FILE_ONLY___ ════════════════════════════════════════════════════════════
2025-11-03 14:39:26,862 INFO     ___FILE_ONLY___ ╝

2025-11-03 14:39:26,864 INFO     ___FILE_ONLY___ ╔════════════════════════════════════════════════════════════╗

2025-11-03 14:39:26,865 INFO     ___FILE_ONLY___ ╠═ Installing: Google Cloud CRC32C Hash Tool (Platform S... ═╣

2025-11-03 14:39:26,865 INFO     ___FILE_ONLY___ ╚
2025-11-03 14:39:26,902 INFO     ___FILE_ONLY___ ══════════════════════════════
2025-11-03 14:39:26,903 INFO     ___FILE_ONLY___ ══════════════════════════════
2025-11-03 14:39:26,903 INFO     ___FILE_ONLY___ ╝

2025-11-03 14:39:26,908 INFO     ___FILE_ONLY___ ╔════════════════════════════════════════════════════════════╗

2025-11-03 14:39:26,908 INFO     ___FILE_ONLY___ ╠═ Installing: gcloud cli dependencies (Platform Specific)  ═╣

2025-11-03 14:39:26,908 INFO     ___FILE_ONLY___ ╚
2025-11-03 14:39:26,909 INFO     ___FILE_ONLY___ ════════════════════════════════════════════════════════════
2025-11-03 14:39:26,909 INFO     ___FILE_ONLY___ ╝

2025-11-03 14:39:26,914 DEBUG    root            Updating notification cache...
2025-11-03 14:39:26,915 INFO     ___FILE_ONLY___ 

2025-11-03 14:39:26,917 INFO     ___FILE_ONLY___ Performing post processing steps...
2025-11-03 14:39:26,918 DEBUG    root            Executing command: ['/tools/google-cloud-sdk/bin/gcloud', 'components', 'post-process']
2025-11-03 14:39:36,454 DEBUG    ___FILE_ONLY___ 
2025-11-03 14:39:36,455 DEBUG    ___FILE_ONLY___ 
2025-11-03 14:39:36,706 INFO     root            descriptor_list: [{'universeDomain': 'googleapis.com', 'universeShortName': '', 'authenticationDomain': 'auth.cloud.google.com', 'projectPrefix': '', 'cloudWebDomain': 'cloud.google.com', 'documentationDomain': 'cloud.google.com', 'version': '1.0.0', 'state': 'primary', 'artifactRegistryDomain': 'pkg.dev'}]
2025-11-03 14:39:36,706 INFO     ___FILE_ONLY___ 
Update done!


2025-11-03 14:39:36,710 DEBUG    root            Chosen display Format:none
2025-11-03 14:39:36,710 INFO     root            Display format: "none"
